#
# A fatal error has been detected by the Java Runtime Environment:
#
#  SIGSEGV (0xb) at pc=0x0141a883, pid=7258, tid=2334128960
#
# JRE version: 6.0_24-b24
# Java VM: OpenJDK Server VM (20.0-b12 mixed mode linux-x86 )
# Derivative: IcedTea6 1.11.3
# Distribution: Ubuntu 12.04 LTS, package 6b24-1.11.3-1ubuntu0.12.04.1
# Problematic frame:
# V  [libjvm.so+0x4a7883]  PhaseIdealLoop::build_loop_late_post(Node*)+0x143
#
# If you would like to submit a bug report, please include
# instructions how to reproduce the bug and visit:
#   https://bugs.launchpad.net/ubuntu/+source/openjdk-6/
#

---------------  T H R E A D  ---------------

Current thread (0xb75f1800):  JavaThread "C2 CompilerThread1" daemon [_thread_in_native, id=7271, stack(0x8b17f000,0x8b200000)]

siginfo:si_signo=SIGSEGV: si_errno=0, si_code=1 (SEGV_MAPERR), si_addr=0x00000004

Registers:
EAX=0x00000000, EBX=0x017d5ff4, ECX=0x89375000, EDX=0x8ab4b9b0
ESP=0x8b1fdb00, EBP=0x89308320, ESI=0x8b1fe39c, EDI=0x8ab4b9b0
EIP=0x0141a883, EFLAGS=0x00010202, CR2=0x00000004

Top of Stack: (sp=0x8b1fdb00)
0x8b1fdb00:   8b1fe39c 894d488c 8a84f01c 8ab3c880
0x8b1fdb10:   8ab30058 00000000 00000200 017d5ff4
0x8b1fdb20:   00000400 0031933b 017d5ff4 00002000
0x8b1fdb30:   89375074 00000000 8a84f01c 8b1fe3ac
0x8b1fdb40:   00000010 00319397 017d5ff4 017d5ff4
0x8b1fdb50:   894d488c 00000190 893799fc 0141ae10
0x8b1fdb60:   8b1fe39c 894d488c 00000040 017d5ff4
0x8b1fdb70:   8b1fe39c 00000002 00000002 8b1fe64c 

Instructions: (pc=0x0141a883)
0x0141a863:   29 04 00 00 39 f8 0f 84 b5 03 00 00 8b 50 1c 89
0x0141a873:   44 24 30 66 90 8b be d0 02 00 00 8d 14 97 8b 02
0x0141a883:   8b 48 04 8b 29 85 ed 75 1f 8b 7e 14 90 8b 48 1c
0x0141a893:   31 c0 39 f9 73 09 8b 46 18 8b 04 88 83 e0 fe 8b 

Register to memory mapping:

EAX=0x00000000 is an unknown value
EBX=0x017d5ff4: <offset 0x862ff4> in /usr/lib/jvm/java-6-openjdk-i386/jre/lib/i386/server/libjvm.so at 0x00f73000
ECX=0x89375000 is an unknown value
EDX=0x8ab4b9b0 is an unknown value
ESP=0x8b1fdb00 is pointing into the stack for thread: 0xb75f1800
EBP=0x89308320 is an unknown value
ESI=0x8b1fe39c is pointing into the stack for thread: 0xb75f1800
EDI=0x8ab4b9b0 is an unknown value


Stack: [0x8b17f000,0x8b200000],  sp=0x8b1fdb00,  free space=506k
Native frames: (J=compiled Java code, j=interpreted, Vv=VM code, C=native code)
V  [libjvm.so+0x4a7883]  PhaseIdealLoop::build_loop_late_post(Node*)+0x143
C  0x88fe06e9


Current CompileTask:
C2: 260919 813      jregex.Pretokenizer.next()V (1064 bytes)


---------------  P R O C E S S  ---------------

Java Threads: ( => current thread )
  0x876dd400 JavaThread "net.sf.ehcache.CacheManager@15205a4" daemon [_thread_blocked, id=7345, stack(0x8a95e000,0x8a9af000)]
  0x09833c00 JavaThread "New I/O server worker #1-7" [_thread_in_native, id=7344, stack(0x8a35e000,0x8a3af000)]
  0x89947000 JavaThread "File Reaper" daemon [_thread_blocked, id=7295, stack(0x8a3af000,0x8a400000)]
  0x87644800 JavaThread "com.mchange.v2.async.ThreadPoolAsynchronousRunner$PoolThread-#2" daemon [_thread_blocked, id=7283, stack(0x8a50d000,0x8a55e000)]
  0x8819b000 JavaThread "com.mchange.v2.async.ThreadPoolAsynchronousRunner$PoolThread-#1" daemon [_thread_blocked, id=7282, stack(0x8a55e000,0x8a5af000)]
  0x8761d800 JavaThread "com.mchange.v2.async.ThreadPoolAsynchronousRunner$PoolThread-#0" daemon [_thread_blocked, id=7281, stack(0x8a5af000,0x8a600000)]
  0x8997ec00 JavaThread "Timer-0" daemon [_thread_blocked, id=7280, stack(0x8a90d000,0x8a95e000)]
  0x8b208800 JavaThread "play-thread-1" [_thread_in_Java, id=7276, stack(0x8a9af000,0x8aa00000)]
  0xb7509000 JavaThread "DestroyJavaVM" [_thread_blocked, id=7259, stack(0xb769e000,0xb76ef000)]
  0x8a2b8c00 JavaThread "New I/O server boss #1 ([id: 0x01117a20, /0:0:0:0:0:0:0:0:9000])" [_thread_in_native, id=7274, stack(0x8ae6e000,0x8aebf000)]
  0xb75f3800 JavaThread "Low Memory Detector" daemon [_thread_blocked, id=7272, stack(0x8b32e000,0x8b37f000)]
=>0xb75f1800 JavaThread "C2 CompilerThread1" daemon [_thread_in_native, id=7271, stack(0x8b17f000,0x8b200000)]
  0xb75ef800 JavaThread "C2 CompilerThread0" daemon [_thread_in_native, id=7270, stack(0x8b37f000,0x8b400000)]
  0xb75ee000 JavaThread "JDWP Event Helper Thread" daemon [_thread_blocked, id=7269, stack(0x8b51a000,0x8b56b000)]
  0xb75eb800 JavaThread "JDWP Transport Listener: dt_socket" daemon [_thread_in_native, id=7268, stack(0x8b92e000,0x8b97f000)]
  0xb75c5000 JavaThread "Signal Dispatcher" daemon [_thread_blocked, id=7267, stack(0x8bc2e000,0x8bc7f000)]
  0xb75b6000 JavaThread "Finalizer" daemon [_thread_blocked, id=7266, stack(0xb760d000,0xb765e000)]
  0xb75b4800 JavaThread "Reference Handler" daemon [_thread_blocked, id=7265, stack(0x8b56b000,0x8b5bc000)]

Other Threads:
  0xb75b0c00 VMThread [stack: 0x8b5bc000,0x8b63d000] [id=7264]
  0xb75f5800 WatcherThread [stack: 0x8b0fe000,0x8b17f000] [id=7273]

VM state:not at safepoint (normal execution)

VM Mutex/Monitor currently owned by a thread: None

Heap
 PSYoungGen      total 67776K, used 10271K [0xa9660000, 0xae230000, 0xb4100000)
  eden space 65600K, 12% used [0xa9660000,0xa9e56778,0xad670000)
  from space 2176K, 97% used [0xadb70000,0xadd81748,0xadd90000)
  to   space 4288K, 0% used [0xade00000,0xade00000,0xae230000)
 PSOldGen        total 21376K, used 14182K [0x94100000, 0x955e0000, 0xa9660000)
  object space 21376K, 66% used [0x94100000,0x94ed9b28,0x955e0000)
 PSPermGen       total 30976K, used 30965K [0x8c100000, 0x8df40000, 0x94100000)
  object space 30976K, 99% used [0x8c100000,0x8df3d760,0x8df40000)

Code Cache  [0xb41c6000, 0xb45ae000, 0xb71c6000)
 total_blobs=1171 nmethods=784 adapters=348 free_code_cache=46289088 largest_free_block=6720

Dynamic libraries:
00132000-00170000 r-xp 00000000 08:06 2892859    /usr/lib/jvm/java-6-openjdk-i386/jre/lib/i386/libjdwp.so
00170000-00171000 r--p 0003d000 08:06 2892859    /usr/lib/jvm/java-6-openjdk-i386/jre/lib/i386/libjdwp.so
00171000-00172000 rw-p 0003e000 08:06 2892859    /usr/lib/jvm/java-6-openjdk-i386/jre/lib/i386/libjdwp.so
001e9000-00388000 r-xp 00000000 08:06 3802170    /lib/i386-linux-gnu/libc-2.15.so
00388000-0038a000 r--p 0019f000 08:06 3802170    /lib/i386-linux-gnu/libc-2.15.so
0038a000-0038b000 rw-p 001a1000 08:06 3802170    /lib/i386-linux-gnu/libc-2.15.so
0038b000-0038e000 rw-p 00000000 00:00 0 
00391000-003a8000 r-xp 00000000 08:06 3802250    /lib/i386-linux-gnu/libpthread-2.15.so
003a8000-003a9000 r--p 00016000 08:06 3802250    /lib/i386-linux-gnu/libpthread-2.15.so
003a9000-003aa000 rw-p 00017000 08:06 3802250    /lib/i386-linux-gnu/libpthread-2.15.so
003aa000-003ac000 rw-p 00000000 00:00 0 
004a5000-004ac000 r-xp 00000000 08:06 2892842    /usr/lib/jvm/java-6-openjdk-i386/jre/lib/i386/libzip.so
004ac000-004ad000 r--p 00006000 08:06 2892842    /usr/lib/jvm/java-6-openjdk-i386/jre/lib/i386/libzip.so
004ad000-004ae000 rw-p 00007000 08:06 2892842    /usr/lib/jvm/java-6-openjdk-i386/jre/lib/i386/libzip.so
004b5000-004d1000 r-xp 00000000 08:06 3802191    /lib/i386-linux-gnu/libgcc_s.so.1
004d1000-004d2000 r--p 0001b000 08:06 3802191    /lib/i386-linux-gnu/libgcc_s.so.1
004d2000-004d3000 rw-p 0001c000 08:06 3802191    /lib/i386-linux-gnu/libgcc_s.so.1
00528000-00530000 r-xp 00000000 08:06 2892857    /usr/lib/jvm/java-6-openjdk-i386/jre/lib/i386/libnio.so
00530000-00531000 r--p 00007000 08:06 2892857    /usr/lib/jvm/java-6-openjdk-i386/jre/lib/i386/libnio.so
00531000-00532000 rw-p 00008000 08:06 2892857    /usr/lib/jvm/java-6-openjdk-i386/jre/lib/i386/libnio.so
0054d000-00573000 r-xp 00000000 08:06 2890929    /usr/lib/jvm/java-6-openjdk-i386/jre/lib/i386/libjava.so
00573000-00574000 r--p 00025000 08:06 2890929    /usr/lib/jvm/java-6-openjdk-i386/jre/lib/i386/libjava.so
00574000-00576000 rw-p 00026000 08:06 2890929    /usr/lib/jvm/java-6-openjdk-i386/jre/lib/i386/libjava.so
005ee000-005f2000 r-xp 00000000 08:06 2892843    /usr/lib/jvm/java-6-openjdk-i386/jre/lib/i386/libdt_socket.so
005f2000-005f3000 r--p 00003000 08:06 2892843    /usr/lib/jvm/java-6-openjdk-i386/jre/lib/i386/libdt_socket.so
005f3000-005f4000 rw-p 00004000 08:06 2892843    /usr/lib/jvm/java-6-openjdk-i386/jre/lib/i386/libdt_socket.so
00817000-00822000 r-xp 00000000 08:06 3802221    /lib/i386-linux-gnu/libnss_files-2.15.so
00822000-00823000 r--p 0000a000 08:06 3802221    /lib/i386-linux-gnu/libnss_files-2.15.so
00823000-00824000 rw-p 0000b000 08:06 3802221    /lib/i386-linux-gnu/libnss_files-2.15.so
0091d000-00927000 r-xp 00000000 08:06 3802225    /lib/i386-linux-gnu/libnss_nis-2.15.so
00927000-00928000 r--p 00009000 08:06 3802225    /lib/i386-linux-gnu/libnss_nis-2.15.so
00928000-00929000 rw-p 0000a000 08:06 3802225    /lib/i386-linux-gnu/libnss_nis-2.15.so
00962000-0098c000 r-xp 00000000 08:06 3802202    /lib/i386-linux-gnu/libm-2.15.so
0098c000-0098d000 r--p 00029000 08:06 3802202    /lib/i386-linux-gnu/libm-2.15.so
0098d000-0098e000 rw-p 0002a000 08:06 3802202    /lib/i386-linux-gnu/libm-2.15.so
009d3000-009d6000 r-xp 00000000 08:06 3802183    /lib/i386-linux-gnu/libdl-2.15.so
009d6000-009d7000 r--p 00002000 08:06 3802183    /lib/i386-linux-gnu/libdl-2.15.so
009d7000-009d8000 rw-p 00003000 08:06 3802183    /lib/i386-linux-gnu/libdl-2.15.so
00a11000-00a26000 r-xp 00000000 08:06 2892846    /usr/lib/jvm/java-6-openjdk-i386/jre/lib/i386/libnet.so
00a26000-00a27000 r--p 00014000 08:06 2892846    /usr/lib/jvm/java-6-openjdk-i386/jre/lib/i386/libnet.so
00a27000-00a28000 rw-p 00015000 08:06 2892846    /usr/lib/jvm/java-6-openjdk-i386/jre/lib/i386/libnet.so
00a8a000-00b62000 r-xp 00000000 08:06 2889432    /usr/lib/i386-linux-gnu/libstdc++.so.6.0.16
00b62000-00b63000 ---p 000d8000 08:06 2889432    /usr/lib/i386-linux-gnu/libstdc++.so.6.0.16
00b63000-00b67000 r--p 000d8000 08:06 2889432    /usr/lib/i386-linux-gnu/libstdc++.so.6.0.16
00b67000-00b68000 rw-p 000dc000 08:06 2889432    /usr/lib/i386-linux-gnu/libstdc++.so.6.0.16
00b68000-00b6f000 rw-p 00000000 00:00 0 
00b70000-00b77000 r-xp 00000000 08:06 3802217    /lib/i386-linux-gnu/libnss_compat-2.15.so
00b77000-00b78000 r--p 00006000 08:06 3802217    /lib/i386-linux-gnu/libnss_compat-2.15.so
00b78000-00b79000 rw-p 00007000 08:06 3802217    /lib/i386-linux-gnu/libnss_compat-2.15.so
00c14000-00c1f000 r-xp 00000000 08:06 2892871    /usr/lib/jvm/java-6-openjdk-i386/jre/lib/i386/libverify.so
00c1f000-00c20000 ---p 0000b000 08:06 2892871    /usr/lib/jvm/java-6-openjdk-i386/jre/lib/i386/libverify.so
00c20000-00c21000 r--p 0000b000 08:06 2892871    /usr/lib/jvm/java-6-openjdk-i386/jre/lib/i386/libverify.so
00c21000-00c22000 rw-p 0000c000 08:06 2892871    /usr/lib/jvm/java-6-openjdk-i386/jre/lib/i386/libverify.so
00c43000-00c4d000 r-xp 00000000 08:06 2892841    /usr/lib/jvm/java-6-openjdk-i386/jre/lib/i386/libinstrument.so
00c4d000-00c4e000 r--p 00009000 08:06 2892841    /usr/lib/jvm/java-6-openjdk-i386/jre/lib/i386/libinstrument.so
00c4e000-00c4f000 rw-p 0000a000 08:06 2892841    /usr/lib/jvm/java-6-openjdk-i386/jre/lib/i386/libinstrument.so
00c9a000-00c9e000 r-xp 00000000 08:06 2892864    /usr/lib/jvm/java-6-openjdk-i386/jre/lib/i386/jli/libjli.so
00c9e000-00c9f000 r--p 00003000 08:06 2892864    /usr/lib/jvm/java-6-openjdk-i386/jre/lib/i386/jli/libjli.so
00c9f000-00ca0000 rw-p 00004000 08:06 2892864    /usr/lib/jvm/java-6-openjdk-i386/jre/lib/i386/jli/libjli.so
00d3f000-00d46000 r-xp 00000000 08:06 2892860    /usr/lib/jvm/java-6-openjdk-i386/jre/lib/i386/libmanagement.so
00d46000-00d47000 r--p 00006000 08:06 2892860    /usr/lib/jvm/java-6-openjdk-i386/jre/lib/i386/libmanagement.so
00d47000-00d48000 rw-p 00007000 08:06 2892860    /usr/lib/jvm/java-6-openjdk-i386/jre/lib/i386/libmanagement.so
00df1000-00e05000 r-xp 00000000 08:06 3802281    /lib/i386-linux-gnu/libz.so.1.2.3.4
00e05000-00e06000 r--p 00013000 08:06 3802281    /lib/i386-linux-gnu/libz.so.1.2.3.4
00e06000-00e07000 rw-p 00014000 08:06 3802281    /lib/i386-linux-gnu/libz.so.1.2.3.4
00e07000-00e08000 r-xp 00000000 00:00 0          [vdso]
00e5c000-00e72000 r-xp 00000000 08:06 3802215    /lib/i386-linux-gnu/libnsl-2.15.so
00e72000-00e73000 r--p 00015000 08:06 3802215    /lib/i386-linux-gnu/libnsl-2.15.so
00e73000-00e74000 rw-p 00016000 08:06 3802215    /lib/i386-linux-gnu/libnsl-2.15.so
00e74000-00e76000 rw-p 00000000 00:00 0 
00f28000-00f2b000 r-xp 00000000 08:06 2892872    /usr/lib/jvm/java-6-openjdk-i386/jre/lib/i386/libnpt.so
00f2b000-00f2c000 r--p 00002000 08:06 2892872    /usr/lib/jvm/java-6-openjdk-i386/jre/lib/i386/libnpt.so
00f2c000-00f2d000 rw-p 00003000 08:06 2892872    /usr/lib/jvm/java-6-openjdk-i386/jre/lib/i386/libnpt.so
00f2e000-00f35000 r-xp 00000000 08:06 3802256    /lib/i386-linux-gnu/librt-2.15.so
00f35000-00f36000 r--p 00006000 08:06 3802256    /lib/i386-linux-gnu/librt-2.15.so
00f36000-00f37000 rw-p 00007000 08:06 3802256    /lib/i386-linux-gnu/librt-2.15.so
00f51000-00f71000 r-xp 00000000 08:06 3802150    /lib/i386-linux-gnu/ld-2.15.so
00f71000-00f72000 r--p 0001f000 08:06 3802150    /lib/i386-linux-gnu/ld-2.15.so
00f72000-00f73000 rw-p 00020000 08:06 3802150    /lib/i386-linux-gnu/ld-2.15.so
00f73000-01791000 r-xp 00000000 08:06 2892851    /usr/lib/jvm/java-6-openjdk-i386/jre/lib/i386/server/libjvm.so
01791000-017d6000 r--p 0081e000 08:06 2892851    /usr/lib/jvm/java-6-openjdk-i386/jre/lib/i386/server/libjvm.so
017d6000-017e5000 rw-p 00863000 08:06 2892851    /usr/lib/jvm/java-6-openjdk-i386/jre/lib/i386/server/libjvm.so
017e5000-01bff000 rw-p 00000000 00:00 0 
08048000-08051000 r-xp 00000000 08:06 2890919    /usr/lib/jvm/java-6-openjdk-i386/jre/bin/java
08051000-08052000 r--p 00008000 08:06 2890919    /usr/lib/jvm/java-6-openjdk-i386/jre/bin/java
08052000-08053000 rw-p 00009000 08:06 2890919    /usr/lib/jvm/java-6-openjdk-i386/jre/bin/java
09803000-09900000 rw-p 00000000 00:00 0          [heap]
86b00000-86c00000 rw-p 00000000 00:00 0 
86d00000-86d62000 rw-p 00000000 00:00 0 
86d62000-86e00000 ---p 00000000 00:00 0 
86f00000-86ff3000 rw-p 00000000 00:00 0 
86ff3000-87000000 ---p 00000000 00:00 0 
87000000-87098000 rw-p 00000000 00:00 0 
87098000-87100000 ---p 00000000 00:00 0 
87100000-871f0000 rw-p 00000000 00:00 0 
871f0000-87200000 ---p 00000000 00:00 0 
87200000-872fd000 rw-p 00000000 00:00 0 
872fd000-87300000 ---p 00000000 00:00 0 
87300000-873f6000 rw-p 00000000 00:00 0 
873f6000-87400000 ---p 00000000 00:00 0 
87400000-874eb000 rw-p 00000000 00:00 0 
874eb000-87500000 ---p 00000000 00:00 0 
87500000-875e9000 rw-p 00000000 00:00 0 
875e9000-87600000 ---p 00000000 00:00 0 
87600000-876ff000 rw-p 00000000 00:00 0 
876ff000-87700000 ---p 00000000 00:00 0 
87700000-877fb000 rw-p 00000000 00:00 0 
877fb000-87800000 ---p 00000000 00:00 0 
87900000-879fb000 rw-p 00000000 00:00 0 
879fb000-87a00000 ---p 00000000 00:00 0 
87a00000-87afe000 rw-p 00000000 00:00 0 
87afe000-87b00000 ---p 00000000 00:00 0 
87b00000-87ceb000 rw-p 00000000 00:00 0 
87ceb000-87d00000 ---p 00000000 00:00 0 
87d00000-87deb000 rw-p 00000000 00:00 0 
87deb000-87e00000 ---p 00000000 00:00 0 
87e00000-87ef3000 rw-p 00000000 00:00 0 
87ef3000-87f00000 ---p 00000000 00:00 0 
87f00000-87ff8000 rw-p 00000000 00:00 0 
87ff8000-88000000 ---p 00000000 00:00 0 
88000000-88200000 rw-p 00000000 00:00 0 
88200000-882c6000 rw-p 00000000 00:00 0 
882c6000-88300000 ---p 00000000 00:00 0 
88300000-88400000 rw-p 00000000 00:00 0 
88400000-884ff000 rw-p 00000000 00:00 0 
884ff000-88500000 ---p 00000000 00:00 0 
88500000-885ff000 rw-p 00000000 00:00 0 
885ff000-88600000 ---p 00000000 00:00 0 
88900000-88aff000 rw-p 00000000 00:00 0 
88aff000-88b00000 ---p 00000000 00:00 0 
88b00000-88cf0000 rw-p 00000000 00:00 0 
88cf0000-88d00000 ---p 00000000 00:00 0 
88d00000-88dff000 rw-p 00000000 00:00 0 
88dff000-88e00000 ---p 00000000 00:00 0 
88f00000-88fe1000 rw-p 00000000 00:00 0 
88fe1000-89000000 ---p 00000000 00:00 0 
89000000-890f2000 rw-p 00000000 00:00 0 
890f2000-89100000 ---p 00000000 00:00 0 
89100000-891f3000 rw-p 00000000 00:00 0 
891f3000-89200000 ---p 00000000 00:00 0 
89200000-892fb000 rw-p 00000000 00:00 0 
892fb000-89300000 ---p 00000000 00:00 0 
89300000-893f6000 rw-p 00000000 00:00 0 
893f6000-89400000 ---p 00000000 00:00 0 
89400000-894f4000 rw-p 00000000 00:00 0 
894f4000-89500000 ---p 00000000 00:00 0 
89500000-895fb000 rw-p 00000000 00:00 0 
895fb000-89600000 ---p 00000000 00:00 0 
89600000-89700000 rw-p 00000000 00:00 0 
89700000-897f4000 rw-p 00000000 00:00 0 
897f4000-89800000 ---p 00000000 00:00 0 
89800000-898f2000 rw-p 00000000 00:00 0 
898f2000-89900000 ---p 00000000 00:00 0 
89900000-899ff000 rw-p 00000000 00:00 0 
899ff000-89a00000 ---p 00000000 00:00 0 
89a00000-89af6000 rw-p 00000000 00:00 0 
89af6000-89b00000 ---p 00000000 00:00 0 
89b00000-89bf9000 rw-p 00000000 00:00 0 
89bf9000-89c00000 ---p 00000000 00:00 0 
89d00000-89d89000 rw-p 00000000 00:00 0 
89d89000-89e00000 ---p 00000000 00:00 0 
89e00000-89ff2000 rw-p 00000000 00:00 0 
89ff2000-8a000000 ---p 00000000 00:00 0 
8a000000-8a0f4000 rw-p 00000000 00:00 0 
8a0f4000-8a100000 ---p 00000000 00:00 0 
8a200000-8a2ff000 rw-p 00000000 00:00 0 
8a2ff000-8a300000 ---p 00000000 00:00 0 
8a35e000-8a361000 ---p 00000000 00:00 0 
8a361000-8a3af000 rw-p 00000000 00:00 0 
8a3af000-8a3b2000 ---p 00000000 00:00 0 
8a3b2000-8a400000 rw-p 00000000 00:00 0 
8a400000-8a500000 rw-p 00000000 00:00 0 
8a50d000-8a510000 ---p 00000000 00:00 0 
8a510000-8a55e000 rw-p 00000000 00:00 0 
8a55e000-8a561000 ---p 00000000 00:00 0 
8a561000-8a5af000 rw-p 00000000 00:00 0 
8a5af000-8a5b2000 ---p 00000000 00:00 0 
8a5b2000-8a600000 rw-p 00000000 00:00 0 
8a600000-8a6fa000 rw-p 00000000 00:00 0 
8a6fa000-8a700000 ---p 00000000 00:00 0 
8a700000-8a7fc000 rw-p 00000000 00:00 0 
8a7fc000-8a800000 ---p 00000000 00:00 0 
8a800000-8a8ff000 rw-p 00000000 00:00 0 
8a8ff000-8a900000 ---p 00000000 00:00 0 
8a90d000-8a910000 ---p 00000000 00:00 0 
8a910000-8a95e000 rw-p 00000000 00:00 0 
8a95e000-8a961000 ---p 00000000 00:00 0 
8a961000-8a9af000 rw-p 00000000 00:00 0 
8a9af000-8a9b2000 ---p 00000000 00:00 0 
8a9b2000-8aa00000 rw-p 00000000 00:00 0 
8aa00000-8aaf0000 rw-p 00000000 00:00 0 
8aaf0000-8ab00000 ---p 00000000 00:00 0 
8ab00000-8abfa000 rw-p 00000000 00:00 0 
8abfa000-8ac00000 ---p 00000000 00:00 0 
8ac00000-8ad00000 rw-p 00000000 00:00 0 
8ad00000-8adf7000 rw-p 00000000 00:00 0 
8adf7000-8ae00000 ---p 00000000 00:00 0 
8ae1d000-8ae20000 ---p 00000000 00:00 0 
8ae20000-8ae6e000 rw-p 00000000 00:00 0 
8ae6e000-8ae71000 ---p 00000000 00:00 0 
8ae71000-8aebf000 rw-p 00000000 00:00 0 
8aebf000-8aec5000 r--s 00067000 08:07 1837852    /home/ristar/tools/play-1.2.4/framework/lib/antlr-2.7.6.jar
8aec5000-8aed0000 r--s 00124000 08:07 1837873    /home/ristar/tools/play-1.2.4/framework/lib/h2-1.3.149.jar
8aed0000-8aed6000 r--s 00040000 08:07 1837899    /home/ristar/tools/play-1.2.4/framework/lib/memcached-2.6.jar
8aed6000-8aedb000 r--s 00048000 08:07 1837867    /home/ristar/tools/play-1.2.4/framework/lib/dom4j-1.6.1.jar
8aedb000-8aee5000 r--s 0006f000 08:07 1837868    /home/ristar/tools/play-1.2.4/framework/lib/ehcache-core-2.0.0.jar
8aee5000-8aeeb000 r--s 00034000 08:07 1837895    /home/ristar/tools/play-1.2.4/framework/lib/junit-4.8.1.jar
8aeeb000-8aef2000 r--s 00049000 08:07 1837903    /home/ristar/tools/play-1.2.4/framework/lib/oval-1.50.jar
8aef2000-8af00000 r--s 0007f000 08:07 1837860    /home/ristar/tools/play-1.2.4/framework/lib/commons-collections-3.2.1.jar
8af00000-8afe4000 rw-p 00000000 00:00 0 
8afe4000-8b000000 ---p 00000000 00:00 0 
8b002000-8b009000 r--s 0006a000 08:07 1837898    /home/ristar/tools/play-1.2.4/framework/lib/mail-1.4.3.jar
8b009000-8b00c000 r--s 00022000 08:07 1837883    /home/ristar/tools/play-1.2.4/framework/lib/jamon-2.7.jar
8b00c000-8b011000 r--s 00034000 08:07 1837858    /home/ristar/tools/play-1.2.4/framework/lib/commons-beanutils-1.8.3.jar
8b011000-8b017000 r--s 0007e000 08:07 1837904    /home/ristar/tools/play-1.2.4/framework/lib/postgresql-9.0.jar
8b017000-8b019000 r--s 00002000 08:07 1837894    /home/ristar/tools/play-1.2.4/framework/lib/jta-1.1.jar
8b019000-8b01b000 r--s 0000c000 08:07 1837851    /home/ristar/tools/play-1.2.4/framework/lib/activation-1.1.1.jar
8b01b000-8b01d000 r--s 0000d000 08:07 1837862    /home/ristar/tools/play-1.2.4/framework/lib/commons-fileupload-1.2.2.jar
8b01d000-8b024000 r--s 00038000 08:07 1837890    /home/ristar/tools/play-1.2.4/framework/lib/jj-wikitext.jar
8b024000-8b078000 r--s 00520000 08:07 1837871    /home/ristar/tools/play-1.2.4/framework/lib/groovy-all-1.7.10.jar
8b078000-8b07b000 r--s 0000f000 08:07 1837875    /home/ristar/tools/play-1.2.4/framework/lib/hibernate-commons-annotations-3.2.0.Final.jar
8b07b000-8b081000 r--s 00032000 08:07 1837886    /home/ristar/tools/play-1.2.4/framework/lib/jaxen-1.1.jar
8b081000-8b086000 r--s 00041000 08:07 1837865    /home/ristar/tools/play-1.2.4/framework/lib/commons-lang-2.6.jar
8b086000-8b089000 r--s 00011000 08:07 1837869    /home/ristar/tools/play-1.2.4/framework/lib/ezmorph-1.0.3.jar
8b089000-8b08b000 r--s 00001000 08:07 1837893    /home/ristar/tools/play-1.2.4/framework/lib/jsr107cache-1.0.jar
8b08b000-8b08e000 r--s 00024000 08:07 1837863    /home/ristar/tools/play-1.2.4/framework/lib/commons-io-2.0.1.jar
8b08e000-8b090000 r--s 00015000 08:07 1837892    /home/ristar/tools/play-1.2.4/framework/lib/jregex-1.2_01.jar
8b090000-8b093000 r--s 0000f000 08:07 1837870    /home/ristar/tools/play-1.2.4/framework/lib/geronimo-servlet_2.5_spec-1.2.jar
8b093000-8b0bd000 r--s 00427000 08:07 1837902    /home/ristar/tools/play-1.2.4/framework/lib/org.eclipse.jdt.core-3.8.0.v_C03.jar
8b0bd000-8b0cc000 r--s 000d9000 08:07 1837882    /home/ristar/tools/play-1.2.4/framework/lib/ivy-2.2.0.jar
8b0cc000-8b0fe000 r--s 002c7000 08:07 1837877    /home/ristar/tools/play-1.2.4/framework/lib/hibernate-core-3.6.1.Final.jar
8b0fe000-8b0ff000 ---p 00000000 00:00 0 
8b0ff000-8b17f000 rw-p 00000000 00:00 0 
8b17f000-8b182000 ---p 00000000 00:00 0 
8b182000-8b200000 rw-p 00000000 00:00 0 
8b200000-8b27e000 rw-p 00000000 00:00 0 
8b27e000-8b300000 ---p 00000000 00:00 0 
8b300000-8b309000 r--s 0006d000 08:07 1837897    /home/ristar/tools/play-1.2.4/framework/lib/log4j-1.2.16.jar
8b309000-8b32e000 r--s 00172000 08:07 1837855    /home/ristar/tools/play-1.2.4/framework/lib/bcprov-jdk15-1.45.jar
8b32e000-8b331000 ---p 00000000 00:00 0 
8b331000-8b37f000 rw-p 00000000 00:00 0 
8b37f000-8b382000 ---p 00000000 00:00 0 
8b382000-8b400000 rw-p 00000000 00:00 0 
8b400000-8b500000 rw-p 00000000 00:00 0 
8b501000-8b503000 r--s 00013000 08:06 2891048    /usr/lib/jvm/java-6-openjdk-common/jre/lib/jce.jar
8b503000-8b505000 r--s 00008000 08:07 1837905    /home/ristar/tools/play-1.2.4/framework/lib/signpost-core-1.2.jar
8b505000-8b50a000 r--s 0002e000 08:07 1837853    /home/ristar/tools/play-1.2.4/framework/lib/asm-all-3.3.1.jar
8b50a000-8b51a000 r--s 000b2000 08:07 1837901    /home/ristar/tools/play-1.2.4/framework/lib/netty-3.2.5.Final.jar
8b51a000-8b51d000 ---p 00000000 00:00 0 
8b51d000-8b56b000 rw-p 00000000 00:00 0 
8b56b000-8b56e000 ---p 00000000 00:00 0 
8b56e000-8b5bc000 rw-p 00000000 00:00 0 
8b5bc000-8b5bd000 ---p 00000000 00:00 0 
8b5bd000-8b670000 rw-p 00000000 00:00 0 
8b670000-8b800000 r--s 037bc000 08:06 2890926    /usr/lib/jvm/java-6-openjdk-i386/jre/lib/rt.jar
8b800000-8b821000 rw-p 00000000 00:00 0 
8b821000-8b900000 ---p 00000000 00:00 0 
8b900000-8b902000 r--s 0000b000 08:07 1837889    /home/ristar/tools/play-1.2.4/framework/lib/jj-textile.jar
8b902000-8b904000 r--s 0000e000 08:07 1837864    /home/ristar/tools/play-1.2.4/framework/lib/commons-javaflow-1066591.jar
8b904000-8b905000 r--s 00000000 08:07 1837885    /home/ristar/tools/play-1.2.4/framework/lib/javax.inject-1.0.jar
8b905000-8b90c000 r--s 000fb000 08:06 2891926    /usr/lib/jvm/java-6-openjdk-common/jre/lib/resources.jar
8b90c000-8b912000 r--s 00038000 08:07 1837908    /home/ristar/tools/play-1.2.4/framework/lib/snakeyaml-1.7.jar
8b912000-8b918000 r--s 00049000 08:07 1837857    /home/ristar/tools/play-1.2.4/framework/lib/cglib-nodep-2.2.jar
8b918000-8b927000 r--s 0007c000 08:07 1837891    /home/ristar/tools/play-1.2.4/framework/lib/joda-time-2.0.jar
8b927000-8b92e000 r--s 0004d000 08:07 1837854    /home/ristar/tools/play-1.2.4/framework/lib/async-http-client-1.6.5.jar
8b92e000-8b931000 ---p 00000000 00:00 0 
8b931000-8b97f000 rw-p 00000000 00:00 0 
8b97f000-8b980000 ---p 00000000 00:00 0 
8b980000-8ba00000 rw-p 00000000 00:00 0 
8ba00000-8baff000 rw-p 00000000 00:00 0 
8baff000-8bb00000 ---p 00000000 00:00 0 
8bb00000-8bbf5000 rw-p 00000000 00:00 0 
8bbf5000-8bc00000 ---p 00000000 00:00 0 
8bc00000-8bc02000 r--s 00015000 08:07 1837888    /home/ristar/tools/play-1.2.4/framework/lib/jj-simplecaptcha.jar
8bc02000-8bc07000 r--s 00020000 08:07 1837887    /home/ristar/tools/play-1.2.4/framework/lib/jj-imaging.jar
8bc07000-8bc09000 r--s 00005000 08:07 1837906    /home/ristar/tools/play-1.2.4/framework/lib/slf4j-api-1.6.1.jar
8bc09000-8bc14000 r--s 0008b000 08:07 1837856    /home/ristar/tools/play-1.2.4/framework/lib/c3p0-0.9.1.2.jar
8bc14000-8bc16000 r--s 0000d000 08:07 1837859    /home/ristar/tools/play-1.2.4/framework/lib/commons-codec-1.4.jar
8bc16000-8bc21000 r--s 0005a000 08:07 1837909    /home/ristar/tools/play-1.2.4/framework/lib/xstream-1.3.jar
8bc21000-8bc26000 r--s 00014000 08:07 1837881    /home/ristar/tools/play-1.2.4/framework/lib/hibernate-jpa-2.0-api-1.0.0.Final.jar
8bc26000-8bc2e000 r--s 0008a000 08:07 1837884    /home/ristar/tools/play-1.2.4/framework/lib/javassist-3.9.0.GA.jar
8bc2e000-8bc31000 ---p 00000000 00:00 0 
8bc31000-8bc7f000 rw-p 00000000 00:00 0 
8bc7f000-8bc80000 ---p 00000000 00:00 0 
8bc80000-8bd00000 rw-p 00000000 00:00 0 
8bd00000-8bd30000 rw-p 00000000 00:00 0 
8bd30000-8be00000 ---p 00000000 00:00 0 
8be01000-8be02000 r--s 00002000 08:07 1837907    /home/ristar/tools/play-1.2.4/framework/lib/slf4j-log4j12-1.6.1.jar
8be02000-8be09000 r--s 000b7000 08:07 1837900    /home/ristar/tools/play-1.2.4/framework/lib/mysql-connector-java-5.1.13.jar
8be09000-8be12000 r--s 0005d000 08:07 1837879    /home/ristar/tools/play-1.2.4/framework/lib/hibernate-entitymanager-3.6.0.Final.jar
8be12000-8be13000 ---p 00000000 00:00 0 
8be13000-8be93000 rw-p 00000000 00:00 0 
8be93000-8be94000 ---p 00000000 00:00 0 
8be94000-8bf1f000 rw-p 00000000 00:00 0 
8bf1f000-8bfbf000 rw-p 00000000 00:00 0 
8bfbf000-8bfcf000 rw-p 00000000 00:00 0 
8bfcf000-8bfff000 rw-p 00000000 00:00 0 
8bfff000-8c00a000 rw-p 00000000 00:00 0 
8c00a000-8c0a9000 rw-p 00000000 00:00 0 
8c0a9000-8c0d0000 rw-p 00000000 00:00 0 
8c0d0000-8c0d4000 ---p 00000000 00:00 0 
8c0d4000-8c0ff000 rw-p 00000000 00:00 0 
8c0ff000-8df40000 rw-p 00000000 00:00 0 
8df40000-94100000 rw-p 00000000 00:00 0 
94100000-955e0000 rw-p 00000000 00:00 0 
955e0000-a9660000 rw-p 00000000 00:00 0 
a9660000-ae230000 rw-p 00000000 00:00 0 
ae230000-ae950000 ---p 00000000 00:00 0 
ae950000-b4100000 rw-p 00000000 00:00 0 
b4100000-b4104000 r--s 00027000 08:07 1837872    /home/ristar/tools/play-1.2.4/framework/lib/gson-1.7.1.jar
b4104000-b4106000 r--s 0000d000 08:07 1837866    /home/ristar/tools/play-1.2.4/framework/lib/commons-logging-1.1.1.jar
b4106000-b4116000 rw-p 00000000 00:00 0 
b4116000-b41c6000 rw-p 00000000 00:00 0 
b41c6000-b45ae000 rwxp 00000000 00:00 0 
b45ae000-b71c6000 rw-p 00000000 00:00 0 
b71c6000-b71ce000 rw-s 00000000 08:06 1054156    /tmp/hsperfdata_ristar/7258
b71ce000-b7300000 r--p 006e8000 08:06 2891842    /usr/lib/locale/locale-archive
b7300000-b7500000 r--p 00000000 08:06 2891842    /usr/lib/locale/locale-archive
b7500000-b7600000 rw-p 00000000 00:00 0 
b7600000-b7601000 r--s 00007000 08:07 1837861    /home/ristar/tools/play-1.2.4/framework/lib/commons-email-1.2.jar
b7601000-b760d000 r--s 000c2000 08:07 1837910    /home/ristar/tools/play-1.2.4/framework/play-1.2.4.jar
b760d000-b7610000 ---p 00000000 00:00 0 
b7610000-b766e000 rw-p 00000000 00:00 0 
b766e000-b769e000 rw-p 00000000 00:00 0 
b769e000-b76a1000 ---p 00000000 00:00 0 
b76a1000-b76f3000 rw-p 00000000 00:00 0 
b76f3000-b76f6000 r--s 0007d000 08:06 2892828    /usr/lib/jvm/java-6-openjdk-common/jre/lib/jsse.jar
b76f6000-b76f7000 r--s 00007000 08:06 3152253    /usr/share/java/java-atk-wrapper.jar
b76f7000-b76fa000 r--s 00031000 08:06 2891050    /usr/lib/jvm/java-6-openjdk-common/jre/lib/ext/sunjce_provider.jar
b76fa000-b76fc000 r--s 0000f000 08:06 2891049    /usr/lib/jvm/java-6-openjdk-common/jre/lib/ext/pulse-java.jar
b76fc000-b76ff000 r--s 00077000 08:06 2891056    /usr/lib/jvm/java-6-openjdk-common/jre/lib/ext/localedata.jar
b76ff000-b7701000 r--s 00001000 08:06 2891877    /usr/lib/jvm/java-6-openjdk-common/jre/lib/ext/dnsns.jar
b7701000-b7705000 r--s 00038000 08:06 2891876    /usr/lib/jvm/java-6-openjdk-common/jre/lib/ext/sunpkcs11.jar
b7705000-b7706000 rw-p 00000000 00:00 0 
b7706000-b7707000 r--p 00000000 00:00 0 
b7707000-b7709000 rw-p 00000000 00:00 0 
bfaa6000-bfac8000 rw-p 00000000 00:00 0          [stack]

VM Arguments:
jvm_args: -javaagent:/home/ristar/tools/play-1.2.4/framework/play-1.2.4.jar -XX:-UseSplitVerifier -Dfile.encoding=utf-8 -Xdebug -Xrunjdwp:transport=dt_socket,address=8000,server=y,suspend=n -Dplay.debug=yes -Dapplication.path=/home/ristar/tools/play-1.2.4/Interstitial -Dplay.id= 
java_command: play.server.Server 
Launcher Type: SUN_STANDARD

Environment Variables:
PATH=/usr/lib/lightdm/lightdm:/usr/local/sbin:/usr/local/bin:/usr/sbin:/usr/bin:/sbin:/bin:/usr/games
LD_LIBRARY_PATH=/usr/lib/jvm/java-6-openjdk-i386/jre/lib/i386/server:/usr/lib/jvm/java-6-openjdk-i386/jre/lib/i386:/usr/lib/jvm/java-6-openjdk-i386/jre/../lib/i386
SHELL=/bin/bash
DISPLAY=:0.0

Signal Handlers:
SIGSEGV: [libjvm.so+0x66a270], sa_mask[0]=0x7ffbfeff, sa_flags=0x10000004
SIGBUS: [libjvm.so+0x66a270], sa_mask[0]=0x7ffbfeff, sa_flags=0x10000004
SIGFPE: [libjvm.so+0x52e160], sa_mask[0]=0x7ffbfeff, sa_flags=0x10000004
SIGPIPE: [libjvm.so+0x52e160], sa_mask[0]=0x7ffbfeff, sa_flags=0x10000004
SIGXFSZ: [libjvm.so+0x52e160], sa_mask[0]=0x7ffbfeff, sa_flags=0x10000004
SIGILL: [libjvm.so+0x52e160], sa_mask[0]=0x7ffbfeff, sa_flags=0x10000004
SIGUSR1: SIG_DFL, sa_mask[0]=0x00000000, sa_flags=0x00000000
SIGUSR2: [libjvm.so+0x52dff0], sa_mask[0]=0x00000000, sa_flags=0x10000004
SIGHUP: [libjvm.so+0x531090], sa_mask[0]=0x7ffbfeff, sa_flags=0x10000004
SIGINT: [libjvm.so+0x531090], sa_mask[0]=0x7ffbfeff, sa_flags=0x10000004
SIGTERM: [libjvm.so+0x531090], sa_mask[0]=0x7ffbfeff, sa_flags=0x10000004
SIGQUIT: [libjvm.so+0x531090], sa_mask[0]=0x7ffbfeff, sa_flags=0x10000004


---------------  S Y S T E M  ---------------

OS:Ubuntu 12.04 (precise)
uname:Linux 3.2.0-29-generic #46-Ubuntu SMP Fri Jul 27 17:04:05 UTC 2012 i686
libc:glibc 2.15 NPTL 2.15 
rlimit: STACK 8192k, CORE 0k, NPROC 15867, NOFILE 4096, AS infinity
load average:0,21 0,53 0,52

/proc/meminfo:
MemTotal:        2052004 kB
MemFree:          125408 kB
Buffers:           56856 kB
Cached:           485156 kB
SwapCached:         3616 kB
Active:          1143208 kB
Inactive:         667012 kB
Active(anon):     926240 kB
Inactive(anon):   465368 kB
Active(file):     216968 kB
Inactive(file):   201644 kB
Unevictable:          16 kB
Mlocked:              16 kB
HighTotal:       1177992 kB
HighFree:          15864 kB
LowTotal:         874012 kB
LowFree:          109544 kB
SwapTotal:       4000764 kB
SwapFree:        3972408 kB
Dirty:               192 kB
Writeback:             0 kB
AnonPages:       1265492 kB
Mapped:           143004 kB
Shmem:            123400 kB
Slab:              79184 kB
SReclaimable:      58724 kB
SUnreclaim:        20460 kB
KernelStack:        4280 kB
PageTables:        14320 kB
NFS_Unstable:          0 kB
Bounce:                0 kB
WritebackTmp:          0 kB
CommitLimit:     5026764 kB
Committed_AS:    3723196 kB
VmallocTotal:     122880 kB
VmallocUsed:       13588 kB
VmallocChunk:      98172 kB
HardwareCorrupted:     0 kB
AnonHugePages:         0 kB
HugePages_Total:       0
HugePages_Free:        0
HugePages_Rsvd:        0
HugePages_Surp:        0
Hugepagesize:       4096 kB
DirectMap4k:       16376 kB
DirectMap4M:      892928 kB


CPU:total 4 (2 cores per cpu, 2 threads per core) family 6 model 28 stepping 10, cmov, cx8, fxsr, mmx, sse, sse2, sse3, ssse3, ht

Memory: 4k page, physical 2052004k(125408k free), swap 4000764k(3972408k free)

vm_info: OpenJDK Server VM (20.0-b12) for linux-x86 JRE (1.6.0_24-b24), built on Jun 26 2012 22:36:29 by "buildd" with gcc 4.6.3

time: Wed Oct 24 15:06:03 2012
elapsed time: 260 seconds

